<?xml version="1.0" encoding="UTF-8"?>
<robot generator="Robot 6.1.1 (Python 3.12.0 on win32)" generated="20231205 13:57:31.870" rpa="false" schemaversion="4">
<suite id="s1" name="LoginQMATest" source="D:\robotframework-workspace\robotframework-test\test\LoginQMATest.robot">
<test id="s1-t1" name="Username benar password benar" line="11">
<kw name="Open my browser" library="login_resources" type="SETUP">
<kw name="Open Browser" library="SeleniumLibrary">
<arg>${URL}</arg>
<arg>chrome</arg>
<doc>Opens a new browser instance to the optional ``url``.</doc>
<msg timestamp="20231205 13:57:32.290" level="INFO">Opening browser 'chrome' to base url 'https://testingqa-office.nexcloud.id/testingqa/automation/webui/login'.</msg>
<status status="PASS" starttime="20231205 13:57:32.290" endtime="20231205 13:57:34.998"/>
</kw>
<status status="PASS" starttime="20231205 13:57:32.289" endtime="20231205 13:57:34.998"/>
</kw>
<kw name="Login QMA">
<arg>ridho</arg>
<arg>ridho202208001</arg>
<kw name="Input Username" library="login_resources">
<arg>${username}</arg>
<kw name="Input Text" library="SeleniumLibrary">
<arg>username</arg>
<arg>${username}</arg>
<doc>Types the given ``text`` into the text field identified by ``locator``.</doc>
<msg timestamp="20231205 13:57:35.016" level="INFO">Typing text 'ridho' into text field 'username'.</msg>
<status status="PASS" starttime="20231205 13:57:35.014" endtime="20231205 13:57:36.415"/>
</kw>
<kw name="Sleep" library="BuiltIn">
<arg>1</arg>
<doc>Pauses the test executed for the given time.</doc>
<msg timestamp="20231205 13:57:37.416" level="INFO">Slept 1 second</msg>
<status status="PASS" starttime="20231205 13:57:36.415" endtime="20231205 13:57:37.416"/>
</kw>
<status status="PASS" starttime="20231205 13:57:35.014" endtime="20231205 13:57:37.416"/>
</kw>
<kw name="Input Password" library="login_resources">
<arg>${password}</arg>
<kw name="Input Password" library="SeleniumLibrary">
<arg>password</arg>
<arg>${password}</arg>
<doc>Types the given password into the text field identified by ``locator``.</doc>
<msg timestamp="20231205 13:57:37.418" level="INFO">Typing password into text field 'password'.</msg>
<msg timestamp="20231205 13:57:37.531" level="INFO">Temporally setting log level to: NONE</msg>
<msg timestamp="20231205 13:57:37.746" level="INFO">Log level changed from NONE to INFO.</msg>
<status status="PASS" starttime="20231205 13:57:37.417" endtime="20231205 13:57:37.746"/>
</kw>
<kw name="Sleep" library="BuiltIn">
<arg>1</arg>
<doc>Pauses the test executed for the given time.</doc>
<msg timestamp="20231205 13:57:38.748" level="INFO">Slept 1 second</msg>
<status status="PASS" starttime="20231205 13:57:37.747" endtime="20231205 13:57:38.748"/>
</kw>
<status status="PASS" starttime="20231205 13:57:37.416" endtime="20231205 13:57:38.748"/>
</kw>
<kw name="Click login" library="login_resources">
<kw name="Click Button" library="SeleniumLibrary">
<arg>Log in</arg>
<doc>Clicks the button identified by ``locator``.</doc>
<msg timestamp="20231205 13:57:38.749" level="INFO">Clicking button 'Log in'.</msg>
<status status="PASS" starttime="20231205 13:57:38.748" endtime="20231205 13:57:38.896"/>
</kw>
<kw name="Sleep" library="BuiltIn">
<arg>1</arg>
<doc>Pauses the test executed for the given time.</doc>
<msg timestamp="20231205 13:57:39.897" level="INFO">Slept 1 second</msg>
<status status="PASS" starttime="20231205 13:57:38.896" endtime="20231205 13:57:39.897"/>
</kw>
<status status="PASS" starttime="20231205 13:57:38.748" endtime="20231205 13:57:39.897"/>
</kw>
<status status="PASS" starttime="20231205 13:57:35.014" endtime="20231205 13:57:39.897"/>
</kw>
<kw name="Close Browser" library="login_resources" type="TEARDOWN">
<kw name="Close Browser" library="SeleniumLibrary">
<doc>Closes the current browser.</doc>
<status status="PASS" starttime="20231205 13:57:39.902" endtime="20231205 13:57:42.338"/>
</kw>
<status status="PASS" starttime="20231205 13:57:39.897" endtime="20231205 13:57:42.339"/>
</kw>
<status status="PASS" starttime="20231205 13:57:32.288" endtime="20231205 13:57:42.339"/>
</test>
<test id="s1-t2" name="Username kosong password benar" line="12">
<kw name="Open my browser" library="login_resources" type="SETUP">
<kw name="Open Browser" library="SeleniumLibrary">
<arg>${URL}</arg>
<arg>chrome</arg>
<doc>Opens a new browser instance to the optional ``url``.</doc>
<msg timestamp="20231205 13:57:42.357" level="INFO">Opening browser 'chrome' to base url 'https://testingqa-office.nexcloud.id/testingqa/automation/webui/login'.</msg>
<status status="PASS" starttime="20231205 13:57:42.351" endtime="20231205 13:57:45.307"/>
</kw>
<status status="PASS" starttime="20231205 13:57:42.351" endtime="20231205 13:57:45.307"/>
</kw>
<kw name="Login QMA">
<arg>${EMPTY}</arg>
<arg>ridho202208001</arg>
<kw name="Input Username" library="login_resources">
<arg>${username}</arg>
<kw name="Input Text" library="SeleniumLibrary">
<arg>username</arg>
<arg>${username}</arg>
<doc>Types the given ``text`` into the text field identified by ``locator``.</doc>
<msg timestamp="20231205 13:57:45.310" level="INFO">Typing text '' into text field 'username'.</msg>
<status status="PASS" starttime="20231205 13:57:45.309" endtime="20231205 13:57:45.600"/>
</kw>
<kw name="Sleep" library="BuiltIn">
<arg>1</arg>
<doc>Pauses the test executed for the given time.</doc>
<msg timestamp="20231205 13:57:46.601" level="INFO">Slept 1 second</msg>
<status status="PASS" starttime="20231205 13:57:45.600" endtime="20231205 13:57:46.601"/>
</kw>
<status status="PASS" starttime="20231205 13:57:45.309" endtime="20231205 13:57:46.601"/>
</kw>
<kw name="Input Password" library="login_resources">
<arg>${password}</arg>
<kw name="Input Password" library="SeleniumLibrary">
<arg>password</arg>
<arg>${password}</arg>
<doc>Types the given password into the text field identified by ``locator``.</doc>
<msg timestamp="20231205 13:57:46.604" level="INFO">Typing password into text field 'password'.</msg>
<msg timestamp="20231205 13:57:46.703" level="INFO">Temporally setting log level to: NONE</msg>
<msg timestamp="20231205 13:57:46.856" level="INFO">Log level changed from NONE to INFO.</msg>
<status status="PASS" starttime="20231205 13:57:46.603" endtime="20231205 13:57:46.858"/>
</kw>
<kw name="Sleep" library="BuiltIn">
<arg>1</arg>
<doc>Pauses the test executed for the given time.</doc>
<msg timestamp="20231205 13:57:47.859" level="INFO">Slept 1 second</msg>
<status status="PASS" starttime="20231205 13:57:46.858" endtime="20231205 13:57:47.859"/>
</kw>
<status status="PASS" starttime="20231205 13:57:46.601" endtime="20231205 13:57:47.859"/>
</kw>
<kw name="Click login" library="login_resources">
<kw name="Click Button" library="SeleniumLibrary">
<arg>Log in</arg>
<doc>Clicks the button identified by ``locator``.</doc>
<msg timestamp="20231205 13:57:47.860" level="INFO">Clicking button 'Log in'.</msg>
<status status="PASS" starttime="20231205 13:57:47.860" endtime="20231205 13:57:47.988"/>
</kw>
<kw name="Sleep" library="BuiltIn">
<arg>1</arg>
<doc>Pauses the test executed for the given time.</doc>
<msg timestamp="20231205 13:57:48.989" level="INFO">Slept 1 second</msg>
<status status="PASS" starttime="20231205 13:57:47.988" endtime="20231205 13:57:48.989"/>
</kw>
<status status="PASS" starttime="20231205 13:57:47.859" endtime="20231205 13:57:48.989"/>
</kw>
<status status="PASS" starttime="20231205 13:57:45.308" endtime="20231205 13:57:48.989"/>
</kw>
<kw name="Close Browser" library="login_resources" type="TEARDOWN">
<kw name="Close Browser" library="SeleniumLibrary">
<doc>Closes the current browser.</doc>
<status status="PASS" starttime="20231205 13:57:48.992" endtime="20231205 13:57:51.411"/>
</kw>
<status status="PASS" starttime="20231205 13:57:48.991" endtime="20231205 13:57:51.411"/>
</kw>
<status status="PASS" starttime="20231205 13:57:42.339" endtime="20231205 13:57:51.411"/>
</test>
<test id="s1-t3" name="Username benar password kosong" line="13">
<kw name="Open my browser" library="login_resources" type="SETUP">
<kw name="Open Browser" library="SeleniumLibrary">
<arg>${URL}</arg>
<arg>chrome</arg>
<doc>Opens a new browser instance to the optional ``url``.</doc>
<msg timestamp="20231205 13:57:51.435" level="INFO">Opening browser 'chrome' to base url 'https://testingqa-office.nexcloud.id/testingqa/automation/webui/login'.</msg>
<status status="PASS" starttime="20231205 13:57:51.427" endtime="20231205 13:57:54.917"/>
</kw>
<status status="PASS" starttime="20231205 13:57:51.424" endtime="20231205 13:57:54.917"/>
</kw>
<kw name="Login QMA">
<arg>ridho</arg>
<arg>${EMPTY}</arg>
<kw name="Input Username" library="login_resources">
<arg>${username}</arg>
<kw name="Input Text" library="SeleniumLibrary">
<arg>username</arg>
<arg>${username}</arg>
<doc>Types the given ``text`` into the text field identified by ``locator``.</doc>
<msg timestamp="20231205 13:57:54.928" level="INFO">Typing text 'ridho' into text field 'username'.</msg>
<status status="PASS" starttime="20231205 13:57:54.924" endtime="20231205 13:57:55.147"/>
</kw>
<kw name="Sleep" library="BuiltIn">
<arg>1</arg>
<doc>Pauses the test executed for the given time.</doc>
<msg timestamp="20231205 13:57:56.148" level="INFO">Slept 1 second</msg>
<status status="PASS" starttime="20231205 13:57:55.147" endtime="20231205 13:57:56.149"/>
</kw>
<status status="PASS" starttime="20231205 13:57:54.924" endtime="20231205 13:57:56.151"/>
</kw>
<kw name="Input Password" library="login_resources">
<arg>${password}</arg>
<kw name="Input Password" library="SeleniumLibrary">
<arg>password</arg>
<arg>${password}</arg>
<doc>Types the given password into the text field identified by ``locator``.</doc>
<msg timestamp="20231205 13:57:56.161" level="INFO">Typing password into text field 'password'.</msg>
<msg timestamp="20231205 13:57:56.315" level="INFO">Temporally setting log level to: NONE</msg>
<msg timestamp="20231205 13:57:56.417" level="INFO">Log level changed from NONE to INFO.</msg>
<status status="PASS" starttime="20231205 13:57:56.160" endtime="20231205 13:57:56.417"/>
</kw>
<kw name="Sleep" library="BuiltIn">
<arg>1</arg>
<doc>Pauses the test executed for the given time.</doc>
<msg timestamp="20231205 13:57:57.419" level="INFO">Slept 1 second</msg>
<status status="PASS" starttime="20231205 13:57:56.418" endtime="20231205 13:57:57.419"/>
</kw>
<status status="PASS" starttime="20231205 13:57:56.155" endtime="20231205 13:57:57.419"/>
</kw>
<kw name="Click login" library="login_resources">
<kw name="Click Button" library="SeleniumLibrary">
<arg>Log in</arg>
<doc>Clicks the button identified by ``locator``.</doc>
<msg timestamp="20231205 13:57:57.420" level="INFO">Clicking button 'Log in'.</msg>
<status status="PASS" starttime="20231205 13:57:57.419" endtime="20231205 13:57:57.554"/>
</kw>
<kw name="Sleep" library="BuiltIn">
<arg>1</arg>
<doc>Pauses the test executed for the given time.</doc>
<msg timestamp="20231205 13:57:58.555" level="INFO">Slept 1 second</msg>
<status status="PASS" starttime="20231205 13:57:57.554" endtime="20231205 13:57:58.555"/>
</kw>
<status status="PASS" starttime="20231205 13:57:57.419" endtime="20231205 13:57:58.555"/>
</kw>
<status status="PASS" starttime="20231205 13:57:54.923" endtime="20231205 13:57:58.555"/>
</kw>
<kw name="Close Browser" library="login_resources" type="TEARDOWN">
<kw name="Close Browser" library="SeleniumLibrary">
<doc>Closes the current browser.</doc>
<status status="PASS" starttime="20231205 13:57:58.555" endtime="20231205 13:58:01.074"/>
</kw>
<status status="PASS" starttime="20231205 13:57:58.555" endtime="20231205 13:58:01.074"/>
</kw>
<status status="PASS" starttime="20231205 13:57:51.411" endtime="20231205 13:58:01.075"/>
</test>
<status status="PASS" starttime="20231205 13:57:31.872" endtime="20231205 13:58:01.075"/>
</suite>
<statistics>
<total>
<stat pass="3" fail="0" skip="0">All Tests</stat>
</total>
<tag>
</tag>
<suite>
<stat pass="3" fail="0" skip="0" id="s1" name="LoginQMATest">LoginQMATest</stat>
</suite>
</statistics>
<errors>
</errors>
</robot>
